
    /////////////////////////////////////////////////////////////////////
    Date :Sat Aug 19 2023,
    Hour: 5,
    Mintue: 14,
    Label: Error Level!,
    Level: error,
    Message: Unhandle Rejection is detected, We are closing your server! Cast to ObjectId failed for value "64de3175d6e056e7" (type string) at path "_id" for model "AcademicSemester"
    ---------------------------------------------------------------------

    /////////////////////////////////////////////////////////////////////
    Date :Sat Aug 19 2023,
    Hour: 5,
    Mintue: 15,
    Label: Error Level!,
    Level: error,
    Message: Unhandle Rejection is detected, We are closing your server! Cast to ObjectId failed for value "64de3175d6e056e7" (type string) at path "_id" for model "AcademicSemester"
    ---------------------------------------------------------------------

    /////////////////////////////////////////////////////////////////////
    Date :Sat Aug 19 2023,
    Hour: 5,
    Mintue: 21,
    Label: Error Level!,
    Level: error,
    Message: Unhandle Rejection is detected, We are closing your server! Cast to ObjectId failed for value "64de3175d6e056e7" (type string) at path "_id" for model "AcademicSemester"
    ---------------------------------------------------------------------

    /////////////////////////////////////////////////////////////////////
    Date :Sat Aug 19 2023,
    Hour: 5,
    Mintue: 22,
    Label: Error Level!,
    Level: error,
    Message: Unhandle Rejection is detected, We are closing your server! Cast to ObjectId failed for value "64de3175d6e056e7" (type string) at path "_id" for model "AcademicSemester"
    ---------------------------------------------------------------------

    /////////////////////////////////////////////////////////////////////
    Date :Sat Aug 19 2023,
    Hour: 5,
    Mintue: 27,
    Label: Error Level!,
    Level: error,
    Message: Cast to ObjectId failed for value "64de3175d6e056e7" (type string) at path "_id" for model "AcademicSemester"
    ---------------------------------------------------------------------

    /////////////////////////////////////////////////////////////////////
    Date :Sat Aug 19 2023,
    Hour: 5,
    Mintue: 28,
    Label: Error Level!,
    Level: error,
    Message: Cast to ObjectId failed for value "64de3175d6e056e7" (type string) at path "_id" for model "AcademicSemester"
    ---------------------------------------------------------------------
