
    /////////////////////////////////////////////////////////////////////
    Date :Tue Aug 22 2023,
    Hour: 19,
    Mintue: 50,
    Label: Error Level!,
    Level: error,
    Message: Unhandle Rejection is detected, We are closing your server! Cast to ObjectId failed for value "&page=1&limit=3" (type string) at path "_id" for model "AcademicFaculty"
    ---------------------------------------------------------------------

    /////////////////////////////////////////////////////////////////////
    Date :Tue Aug 22 2023,
    Hour: 19,
    Mintue: 53,
    Label: Error Level!,
    Level: error,
    Message: Unhandle Rejection is detected, We are closing your server! Cast to ObjectId failed for value "english" (type string) at path "_id" for model "AcademicSemester"
    ---------------------------------------------------------------------

    /////////////////////////////////////////////////////////////////////
    Date :Tue Aug 22 2023,
    Hour: 19,
    Mintue: 54,
    Label: Error Level!,
    Level: error,
    Message: Unhandle Rejection is detected, We are closing your server! Cast to ObjectId failed for value "english" (type string) at path "_id" for model "AcademicSemester"
    ---------------------------------------------------------------------
