
    /////////////////////////////////////////////////////////////////////
    Date :Tue Aug 15 2023,
    Hour: 2,
    Mintue: 5,
    Label: Error Level!,
    Level: error,
    Message: Unhandle Rejection is detected, We are closing your server! testing error logger
    ---------------------------------------------------------------------

    /////////////////////////////////////////////////////////////////////
    Date :Tue Aug 15 2023,
    Hour: 2,
    Mintue: 6,
    Label: Error Level!,
    Level: error,
    Message: testing error logger
    ---------------------------------------------------------------------

    /////////////////////////////////////////////////////////////////////
    Date :Tue Aug 15 2023,
    Hour: 2,
    Mintue: 6,
    Label: Error Level!,
    Level: error,
    Message: Unhandle Rejection is detected, We are closing your server! testing error logger
    ---------------------------------------------------------------------
