
    /////////////////////////////////////////////////////////////////////
    Date :Thu Aug 17 2023,
    Hour: 20,
    Mintue: 25,
    Label: Error Level!,
    Level: error,
    Message: Unhandle Rejection is detected, We are closing your server! $and/$or/$nor must be a nonempty array
    ---------------------------------------------------------------------

    /////////////////////////////////////////////////////////////////////
    Date :Thu Aug 17 2023,
    Hour: 20,
    Mintue: 38,
    Label: Error Level!,
    Level: error,
    Message: Unhandle Rejection is detected, We are closing your server! Invalid Semester Code
    ---------------------------------------------------------------------

    /////////////////////////////////////////////////////////////////////
    Date :Thu Aug 17 2023,
    Hour: 20,
    Mintue: 38,
    Label: Error Level!,
    Level: error,
    Message: Unhandle Rejection is detected, We are closing your server! Invalid Semester Code
    ---------------------------------------------------------------------

    /////////////////////////////////////////////////////////////////////
    Date :Thu Aug 17 2023,
    Hour: 20,
    Mintue: 38,
    Label: Error Level!,
    Level: error,
    Message: Unhandle Rejection is detected, We are closing your server! Invalid Semester Code
    ---------------------------------------------------------------------
