
    /////////////////////////////////////////////////////////////////////
    Date :Tue Aug 22 2023,
    Hour: 22,
    Mintue: 45,
    Label: Error Level!,
    Level: error,
    Message: Unhandle Rejection is detected, We are closing your server! AcademicFaculty validation failed: title: Path `title` is required.
    ---------------------------------------------------------------------

    /////////////////////////////////////////////////////////////////////
    Date :Tue Aug 22 2023,
    Hour: 22,
    Mintue: 56,
    Label: Error Level!,
    Level: error,
    Message: Unhandle Rejection is detected, We are closing your server! E11000 duplicate key error collection: university-management.academicfaculties index: title_1 dup key: { title: "Faculty of cse" }
    ---------------------------------------------------------------------

    /////////////////////////////////////////////////////////////////////
    Date :Tue Aug 22 2023,
    Hour: 22,
    Mintue: 56,
    Label: Error Level!,
    Level: error,
    Message: Unhandle Rejection is detected, We are closing your server! E11000 duplicate key error collection: university-management.academicfaculties index: title_1 dup key: { title: "Faculty of cse" }
    ---------------------------------------------------------------------
