
    /////////////////////////////////////////////////////////////////////
    Date :Sat Aug 19 2023,
    Hour: 19,
    Mintue: 3,
    Label: Info Level,
    Level: info,
    Message: ✌ MongoDB connection established successfully.
    ---------------------------------------------------------------------

    /////////////////////////////////////////////////////////////////////
    Date :Sat Aug 19 2023,
    Hour: 19,
    Mintue: 3,
    Label: Info Level,
    Level: info,
    Message: Application listening on port 5000
    ---------------------------------------------------------------------

    /////////////////////////////////////////////////////////////////////
    Date :Sat Aug 19 2023,
    Hour: 19,
    Mintue: 4,
    Label: Info Level,
    Level: info,
    Message: ✌ MongoDB connection established successfully.
    ---------------------------------------------------------------------

    /////////////////////////////////////////////////////////////////////
    Date :Sat Aug 19 2023,
    Hour: 19,
    Mintue: 4,
    Label: Info Level,
    Level: info,
    Message: Application listening on port 5000
    ---------------------------------------------------------------------

    /////////////////////////////////////////////////////////////////////
    Date :Sat Aug 19 2023,
    Hour: 19,
    Mintue: 10,
    Label: Info Level,
    Level: info,
    Message: ✌ MongoDB connection established successfully.
    ---------------------------------------------------------------------

    /////////////////////////////////////////////////////////////////////
    Date :Sat Aug 19 2023,
    Hour: 19,
    Mintue: 10,
    Label: Info Level,
    Level: info,
    Message: Application listening on port 5000
    ---------------------------------------------------------------------

    /////////////////////////////////////////////////////////////////////
    Date :Sat Aug 19 2023,
    Hour: 19,
    Mintue: 10,
    Label: Info Level,
    Level: info,
    Message: ✌ MongoDB connection established successfully.
    ---------------------------------------------------------------------

    /////////////////////////////////////////////////////////////////////
    Date :Sat Aug 19 2023,
    Hour: 19,
    Mintue: 10,
    Label: Info Level,
    Level: info,
    Message: Application listening on port 5000
    ---------------------------------------------------------------------

    /////////////////////////////////////////////////////////////////////
    Date :Sat Aug 19 2023,
    Hour: 19,
    Mintue: 21,
    Label: Info Level,
    Level: info,
    Message: ✌ MongoDB connection established successfully.
    ---------------------------------------------------------------------

    /////////////////////////////////////////////////////////////////////
    Date :Sat Aug 19 2023,
    Hour: 19,
    Mintue: 21,
    Label: Info Level,
    Level: info,
    Message: Application listening on port 5000
    ---------------------------------------------------------------------

    /////////////////////////////////////////////////////////////////////
    Date :Sat Aug 19 2023,
    Hour: 19,
    Mintue: 22,
    Label: Info Level,
    Level: info,
    Message: ✌ MongoDB connection established successfully.
    ---------------------------------------------------------------------

    /////////////////////////////////////////////////////////////////////
    Date :Sat Aug 19 2023,
    Hour: 19,
    Mintue: 22,
    Label: Info Level,
    Level: info,
    Message: Application listening on port 5000
    ---------------------------------------------------------------------

    /////////////////////////////////////////////////////////////////////
    Date :Sat Aug 19 2023,
    Hour: 19,
    Mintue: 23,
    Label: Info Level,
    Level: info,
    Message: ✌ MongoDB connection established successfully.
    ---------------------------------------------------------------------

    /////////////////////////////////////////////////////////////////////
    Date :Sat Aug 19 2023,
    Hour: 19,
    Mintue: 23,
    Label: Info Level,
    Level: info,
    Message: Application listening on port 5000
    ---------------------------------------------------------------------

    /////////////////////////////////////////////////////////////////////
    Date :Sat Aug 19 2023,
    Hour: 19,
    Mintue: 24,
    Label: Info Level,
    Level: info,
    Message: ✌ MongoDB connection established successfully.
    ---------------------------------------------------------------------

    /////////////////////////////////////////////////////////////////////
    Date :Sat Aug 19 2023,
    Hour: 19,
    Mintue: 24,
    Label: Info Level,
    Level: info,
    Message: Application listening on port 5000
    ---------------------------------------------------------------------

    /////////////////////////////////////////////////////////////////////
    Date :Sat Aug 19 2023,
    Hour: 19,
    Mintue: 27,
    Label: Info Level,
    Level: info,
    Message: ✌ MongoDB connection established successfully.
    ---------------------------------------------------------------------

    /////////////////////////////////////////////////////////////////////
    Date :Sat Aug 19 2023,
    Hour: 19,
    Mintue: 27,
    Label: Info Level,
    Level: info,
    Message: Application listening on port 5000
    ---------------------------------------------------------------------

    /////////////////////////////////////////////////////////////////////
    Date :Sat Aug 19 2023,
    Hour: 19,
    Mintue: 29,
    Label: Info Level,
    Level: info,
    Message: ✌ MongoDB connection established successfully.
    ---------------------------------------------------------------------

    /////////////////////////////////////////////////////////////////////
    Date :Sat Aug 19 2023,
    Hour: 19,
    Mintue: 29,
    Label: Info Level,
    Level: info,
    Message: Application listening on port 5000
    ---------------------------------------------------------------------

    /////////////////////////////////////////////////////////////////////
    Date :Sat Aug 19 2023,
    Hour: 19,
    Mintue: 36,
    Label: Info Level,
    Level: info,
    Message: ✌ MongoDB connection established successfully.
    ---------------------------------------------------------------------

    /////////////////////////////////////////////////////////////////////
    Date :Sat Aug 19 2023,
    Hour: 19,
    Mintue: 36,
    Label: Info Level,
    Level: info,
    Message: Application listening on port 5000
    ---------------------------------------------------------------------

    /////////////////////////////////////////////////////////////////////
    Date :Sat Aug 19 2023,
    Hour: 19,
    Mintue: 37,
    Label: Info Level,
    Level: info,
    Message: ✌ MongoDB connection established successfully.
    ---------------------------------------------------------------------

    /////////////////////////////////////////////////////////////////////
    Date :Sat Aug 19 2023,
    Hour: 19,
    Mintue: 37,
    Label: Info Level,
    Level: info,
    Message: Application listening on port 5000
    ---------------------------------------------------------------------

    /////////////////////////////////////////////////////////////////////
    Date :Sat Aug 19 2023,
    Hour: 19,
    Mintue: 43,
    Label: Info Level,
    Level: info,
    Message: ✌ MongoDB connection established successfully.
    ---------------------------------------------------------------------

    /////////////////////////////////////////////////////////////////////
    Date :Sat Aug 19 2023,
    Hour: 19,
    Mintue: 43,
    Label: Info Level,
    Level: info,
    Message: Application listening on port 5000
    ---------------------------------------------------------------------

    /////////////////////////////////////////////////////////////////////
    Date :Sat Aug 19 2023,
    Hour: 19,
    Mintue: 44,
    Label: Info Level,
    Level: info,
    Message: ✌ MongoDB connection established successfully.
    ---------------------------------------------------------------------

    /////////////////////////////////////////////////////////////////////
    Date :Sat Aug 19 2023,
    Hour: 19,
    Mintue: 44,
    Label: Info Level,
    Level: info,
    Message: Application listening on port 5000
    ---------------------------------------------------------------------

    /////////////////////////////////////////////////////////////////////
    Date :Sat Aug 19 2023,
    Hour: 19,
    Mintue: 46,
    Label: Info Level,
    Level: info,
    Message: ✌ MongoDB connection established successfully.
    ---------------------------------------------------------------------

    /////////////////////////////////////////////////////////////////////
    Date :Sat Aug 19 2023,
    Hour: 19,
    Mintue: 46,
    Label: Info Level,
    Level: info,
    Message: Application listening on port 5000
    ---------------------------------------------------------------------

    /////////////////////////////////////////////////////////////////////
    Date :Sat Aug 19 2023,
    Hour: 19,
    Mintue: 47,
    Label: Info Level,
    Level: info,
    Message: ✌ MongoDB connection established successfully.
    ---------------------------------------------------------------------

    /////////////////////////////////////////////////////////////////////
    Date :Sat Aug 19 2023,
    Hour: 19,
    Mintue: 47,
    Label: Info Level,
    Level: info,
    Message: Application listening on port 5000
    ---------------------------------------------------------------------

    /////////////////////////////////////////////////////////////////////
    Date :Sat Aug 19 2023,
    Hour: 19,
    Mintue: 48,
    Label: Info Level,
    Level: info,
    Message: ✌ MongoDB connection established successfully.
    ---------------------------------------------------------------------

    /////////////////////////////////////////////////////////////////////
    Date :Sat Aug 19 2023,
    Hour: 19,
    Mintue: 48,
    Label: Info Level,
    Level: info,
    Message: Application listening on port 5000
    ---------------------------------------------------------------------

    /////////////////////////////////////////////////////////////////////
    Date :Sat Aug 19 2023,
    Hour: 19,
    Mintue: 51,
    Label: Info Level,
    Level: info,
    Message: ✌ MongoDB connection established successfully.
    ---------------------------------------------------------------------

    /////////////////////////////////////////////////////////////////////
    Date :Sat Aug 19 2023,
    Hour: 19,
    Mintue: 51,
    Label: Info Level,
    Level: info,
    Message: Application listening on port 5000
    ---------------------------------------------------------------------

    /////////////////////////////////////////////////////////////////////
    Date :Sat Aug 19 2023,
    Hour: 19,
    Mintue: 55,
    Label: Info Level,
    Level: info,
    Message: ✌ MongoDB connection established successfully.
    ---------------------------------------------------------------------

    /////////////////////////////////////////////////////////////////////
    Date :Sat Aug 19 2023,
    Hour: 19,
    Mintue: 55,
    Label: Info Level,
    Level: info,
    Message: Application listening on port 5000
    ---------------------------------------------------------------------

    /////////////////////////////////////////////////////////////////////
    Date :Sat Aug 19 2023,
    Hour: 19,
    Mintue: 57,
    Label: Info Level,
    Level: info,
    Message: ✌ MongoDB connection established successfully.
    ---------------------------------------------------------------------

    /////////////////////////////////////////////////////////////////////
    Date :Sat Aug 19 2023,
    Hour: 19,
    Mintue: 57,
    Label: Info Level,
    Level: info,
    Message: Application listening on port 5000
    ---------------------------------------------------------------------
