
    /////////////////////////////////////////////////////////////////////
    Date :Sun Aug 13 2023,
    Hour: 10,
    Mintue: 48,
    Label: Info Level,
    Level: info,
    Message: ✌ MongoDB connection established successfully.
    ---------------------------------------------------------------------

    /////////////////////////////////////////////////////////////////////
    Date :Sun Aug 13 2023,
    Hour: 10,
    Mintue: 48,
    Label: Info Level,
    Level: info,
    Message: Application listening on port 5000
    ---------------------------------------------------------------------

    /////////////////////////////////////////////////////////////////////
    Date :Sun Aug 13 2023,
    Hour: 10,
    Mintue: 50,
    Label: Info Level,
    Level: info,
    Message: ✌ MongoDB connection established successfully.
    ---------------------------------------------------------------------

    /////////////////////////////////////////////////////////////////////
    Date :Sun Aug 13 2023,
    Hour: 10,
    Mintue: 50,
    Label: Info Level,
    Level: info,
    Message: Application listening on port 5000
    ---------------------------------------------------------------------

    /////////////////////////////////////////////////////////////////////
    Date :Sun Aug 13 2023,
    Hour: 10,
    Mintue: 52,
    Label: Info Level,
    Level: info,
    Message: ✌ MongoDB connection established successfully.
    ---------------------------------------------------------------------

    /////////////////////////////////////////////////////////////////////
    Date :Sun Aug 13 2023,
    Hour: 10,
    Mintue: 52,
    Label: Info Level,
    Level: info,
    Message: Application listening on port 5000
    ---------------------------------------------------------------------

    /////////////////////////////////////////////////////////////////////
    Date :Sun Aug 13 2023,
    Hour: 10,
    Mintue: 55,
    Label: Info Level,
    Level: info,
    Message: ✌ MongoDB connection established successfully.
    ---------------------------------------------------------------------

    /////////////////////////////////////////////////////////////////////
    Date :Sun Aug 13 2023,
    Hour: 10,
    Mintue: 55,
    Label: Info Level,
    Level: info,
    Message: Application listening on port 5000
    ---------------------------------------------------------------------

    /////////////////////////////////////////////////////////////////////
    Date :Sun Aug 13 2023,
    Hour: 10,
    Mintue: 56,
    Label: Info Level,
    Level: info,
    Message: ✌ MongoDB connection established successfully.
    ---------------------------------------------------------------------

    /////////////////////////////////////////////////////////////////////
    Date :Sun Aug 13 2023,
    Hour: 10,
    Mintue: 56,
    Label: Info Level,
    Level: info,
    Message: Application listening on port 5000
    ---------------------------------------------------------------------

    /////////////////////////////////////////////////////////////////////
    Date :Sun Aug 13 2023,
    Hour: 10,
    Mintue: 58,
    Label: Info Level,
    Level: info,
    Message: ✌ MongoDB connection established successfully.
    ---------------------------------------------------------------------

    /////////////////////////////////////////////////////////////////////
    Date :Sun Aug 13 2023,
    Hour: 10,
    Mintue: 58,
    Label: Info Level,
    Level: info,
    Message: Application listening on port 5000
    ---------------------------------------------------------------------
