
    /////////////////////////////////////////////////////////////////////
    Date :Thu Aug 24 2023,
    Hour: 20,
    Mintue: 4,
    Label: Info Level,
    Level: info,
    Message: ✌ MongoDB connection established successfully.
    ---------------------------------------------------------------------

    /////////////////////////////////////////////////////////////////////
    Date :Thu Aug 24 2023,
    Hour: 20,
    Mintue: 4,
    Label: Info Level,
    Level: info,
    Message: Application listening on port 5000
    ---------------------------------------------------------------------

    /////////////////////////////////////////////////////////////////////
    Date :Thu Aug 24 2023,
    Hour: 20,
    Mintue: 16,
    Label: Info Level,
    Level: info,
    Message: ✌ MongoDB connection established successfully.
    ---------------------------------------------------------------------

    /////////////////////////////////////////////////////////////////////
    Date :Thu Aug 24 2023,
    Hour: 20,
    Mintue: 16,
    Label: Info Level,
    Level: info,
    Message: Application listening on port 5000
    ---------------------------------------------------------------------
