
    /////////////////////////////////////////////////////////////////////
    Date :Mon Aug 14 2023,
    Hour: 23,
    Mintue: 0,
    Label: Info Level,
    Level: info,
    Message: ✌ MongoDB connection established successfully.
    ---------------------------------------------------------------------

    /////////////////////////////////////////////////////////////////////
    Date :Mon Aug 14 2023,
    Hour: 23,
    Mintue: 0,
    Label: Info Level,
    Level: info,
    Message: Application listening on port 5000
    ---------------------------------------------------------------------

    /////////////////////////////////////////////////////////////////////
    Date :Mon Aug 14 2023,
    Hour: 23,
    Mintue: 6,
    Label: Info Level,
    Level: info,
    Message: ✌ MongoDB connection established successfully.
    ---------------------------------------------------------------------

    /////////////////////////////////////////////////////////////////////
    Date :Mon Aug 14 2023,
    Hour: 23,
    Mintue: 6,
    Label: Info Level,
    Level: info,
    Message: Application listening on port 5000
    ---------------------------------------------------------------------

    /////////////////////////////////////////////////////////////////////
    Date :Mon Aug 14 2023,
    Hour: 23,
    Mintue: 8,
    Label: Info Level,
    Level: info,
    Message: ✌ MongoDB connection established successfully.
    ---------------------------------------------------------------------

    /////////////////////////////////////////////////////////////////////
    Date :Mon Aug 14 2023,
    Hour: 23,
    Mintue: 8,
    Label: Info Level,
    Level: info,
    Message: Application listening on port 5000
    ---------------------------------------------------------------------

    /////////////////////////////////////////////////////////////////////
    Date :Mon Aug 14 2023,
    Hour: 23,
    Mintue: 9,
    Label: Info Level,
    Level: info,
    Message: ✌ MongoDB connection established successfully.
    ---------------------------------------------------------------------

    /////////////////////////////////////////////////////////////////////
    Date :Mon Aug 14 2023,
    Hour: 23,
    Mintue: 9,
    Label: Info Level,
    Level: info,
    Message: Application listening on port 5000
    ---------------------------------------------------------------------
