
    /////////////////////////////////////////////////////////////////////
    Date :Wed Aug 23 2023,
    Hour: 3,
    Mintue: 21,
    Label: Info Level,
    Level: info,
    Message: ✌ MongoDB connection established successfully.
    ---------------------------------------------------------------------

    /////////////////////////////////////////////////////////////////////
    Date :Wed Aug 23 2023,
    Hour: 3,
    Mintue: 21,
    Label: Info Level,
    Level: info,
    Message: Application listening on port 5000
    ---------------------------------------------------------------------

    /////////////////////////////////////////////////////////////////////
    Date :Wed Aug 23 2023,
    Hour: 3,
    Mintue: 28,
    Label: Info Level,
    Level: info,
    Message: ✌ MongoDB connection established successfully.
    ---------------------------------------------------------------------

    /////////////////////////////////////////////////////////////////////
    Date :Wed Aug 23 2023,
    Hour: 3,
    Mintue: 28,
    Label: Info Level,
    Level: info,
    Message: Application listening on port 5000
    ---------------------------------------------------------------------
