
    /////////////////////////////////////////////////////////////////////
    Date :Tue Aug 22 2023,
    Hour: 23,
    Mintue: 2,
    Label: Info Level,
    Level: info,
    Message: ✌ MongoDB connection established successfully.
    ---------------------------------------------------------------------

    /////////////////////////////////////////////////////////////////////
    Date :Tue Aug 22 2023,
    Hour: 23,
    Mintue: 2,
    Label: Info Level,
    Level: info,
    Message: Application listening on port 5000
    ---------------------------------------------------------------------

    /////////////////////////////////////////////////////////////////////
    Date :Tue Aug 22 2023,
    Hour: 23,
    Mintue: 2,
    Label: Info Level,
    Level: info,
    Message: ✌ MongoDB connection established successfully.
    ---------------------------------------------------------------------

    /////////////////////////////////////////////////////////////////////
    Date :Tue Aug 22 2023,
    Hour: 23,
    Mintue: 2,
    Label: Info Level,
    Level: info,
    Message: Application listening on port 5000
    ---------------------------------------------------------------------

    /////////////////////////////////////////////////////////////////////
    Date :Tue Aug 22 2023,
    Hour: 23,
    Mintue: 3,
    Label: Info Level,
    Level: info,
    Message: ✌ MongoDB connection established successfully.
    ---------------------------------------------------------------------

    /////////////////////////////////////////////////////////////////////
    Date :Tue Aug 22 2023,
    Hour: 23,
    Mintue: 3,
    Label: Info Level,
    Level: info,
    Message: Application listening on port 5000
    ---------------------------------------------------------------------

    /////////////////////////////////////////////////////////////////////
    Date :Tue Aug 22 2023,
    Hour: 23,
    Mintue: 4,
    Label: Info Level,
    Level: info,
    Message: ✌ MongoDB connection established successfully.
    ---------------------------------------------------------------------

    /////////////////////////////////////////////////////////////////////
    Date :Tue Aug 22 2023,
    Hour: 23,
    Mintue: 4,
    Label: Info Level,
    Level: info,
    Message: Application listening on port 5000
    ---------------------------------------------------------------------

    /////////////////////////////////////////////////////////////////////
    Date :Tue Aug 22 2023,
    Hour: 23,
    Mintue: 5,
    Label: Info Level,
    Level: info,
    Message: ✌ MongoDB connection established successfully.
    ---------------------------------------------------------------------

    /////////////////////////////////////////////////////////////////////
    Date :Tue Aug 22 2023,
    Hour: 23,
    Mintue: 5,
    Label: Info Level,
    Level: info,
    Message: Application listening on port 5000
    ---------------------------------------------------------------------

    /////////////////////////////////////////////////////////////////////
    Date :Tue Aug 22 2023,
    Hour: 23,
    Mintue: 14,
    Label: Info Level,
    Level: info,
    Message: ✌ MongoDB connection established successfully.
    ---------------------------------------------------------------------

    /////////////////////////////////////////////////////////////////////
    Date :Tue Aug 22 2023,
    Hour: 23,
    Mintue: 14,
    Label: Info Level,
    Level: info,
    Message: Application listening on port 5000
    ---------------------------------------------------------------------

    /////////////////////////////////////////////////////////////////////
    Date :Tue Aug 22 2023,
    Hour: 23,
    Mintue: 19,
    Label: Info Level,
    Level: info,
    Message: ✌ MongoDB connection established successfully.
    ---------------------------------------------------------------------

    /////////////////////////////////////////////////////////////////////
    Date :Tue Aug 22 2023,
    Hour: 23,
    Mintue: 19,
    Label: Info Level,
    Level: info,
    Message: Application listening on port 5000
    ---------------------------------------------------------------------

    /////////////////////////////////////////////////////////////////////
    Date :Tue Aug 22 2023,
    Hour: 23,
    Mintue: 22,
    Label: Info Level,
    Level: info,
    Message: ✌ MongoDB connection established successfully.
    ---------------------------------------------------------------------

    /////////////////////////////////////////////////////////////////////
    Date :Tue Aug 22 2023,
    Hour: 23,
    Mintue: 22,
    Label: Info Level,
    Level: info,
    Message: Application listening on port 5000
    ---------------------------------------------------------------------

    /////////////////////////////////////////////////////////////////////
    Date :Tue Aug 22 2023,
    Hour: 23,
    Mintue: 26,
    Label: Info Level,
    Level: info,
    Message: ✌ MongoDB connection established successfully.
    ---------------------------------------------------------------------

    /////////////////////////////////////////////////////////////////////
    Date :Tue Aug 22 2023,
    Hour: 23,
    Mintue: 26,
    Label: Info Level,
    Level: info,
    Message: Application listening on port 5000
    ---------------------------------------------------------------------

    /////////////////////////////////////////////////////////////////////
    Date :Tue Aug 22 2023,
    Hour: 23,
    Mintue: 26,
    Label: Info Level,
    Level: info,
    Message: ✌ MongoDB connection established successfully.
    ---------------------------------------------------------------------

    /////////////////////////////////////////////////////////////////////
    Date :Tue Aug 22 2023,
    Hour: 23,
    Mintue: 26,
    Label: Info Level,
    Level: info,
    Message: Application listening on port 5000
    ---------------------------------------------------------------------

    /////////////////////////////////////////////////////////////////////
    Date :Tue Aug 22 2023,
    Hour: 23,
    Mintue: 27,
    Label: Info Level,
    Level: info,
    Message: ✌ MongoDB connection established successfully.
    ---------------------------------------------------------------------

    /////////////////////////////////////////////////////////////////////
    Date :Tue Aug 22 2023,
    Hour: 23,
    Mintue: 27,
    Label: Info Level,
    Level: info,
    Message: Application listening on port 5000
    ---------------------------------------------------------------------

    /////////////////////////////////////////////////////////////////////
    Date :Tue Aug 22 2023,
    Hour: 23,
    Mintue: 27,
    Label: Info Level,
    Level: info,
    Message: ✌ MongoDB connection established successfully.
    ---------------------------------------------------------------------

    /////////////////////////////////////////////////////////////////////
    Date :Tue Aug 22 2023,
    Hour: 23,
    Mintue: 27,
    Label: Info Level,
    Level: info,
    Message: Application listening on port 5000
    ---------------------------------------------------------------------

    /////////////////////////////////////////////////////////////////////
    Date :Tue Aug 22 2023,
    Hour: 23,
    Mintue: 28,
    Label: Info Level,
    Level: info,
    Message: ✌ MongoDB connection established successfully.
    ---------------------------------------------------------------------

    /////////////////////////////////////////////////////////////////////
    Date :Tue Aug 22 2023,
    Hour: 23,
    Mintue: 28,
    Label: Info Level,
    Level: info,
    Message: Application listening on port 5000
    ---------------------------------------------------------------------

    /////////////////////////////////////////////////////////////////////
    Date :Tue Aug 22 2023,
    Hour: 23,
    Mintue: 31,
    Label: Info Level,
    Level: info,
    Message: ✌ MongoDB connection established successfully.
    ---------------------------------------------------------------------

    /////////////////////////////////////////////////////////////////////
    Date :Tue Aug 22 2023,
    Hour: 23,
    Mintue: 31,
    Label: Info Level,
    Level: info,
    Message: Application listening on port 5000
    ---------------------------------------------------------------------

    /////////////////////////////////////////////////////////////////////
    Date :Tue Aug 22 2023,
    Hour: 23,
    Mintue: 32,
    Label: Info Level,
    Level: info,
    Message: ✌ MongoDB connection established successfully.
    ---------------------------------------------------------------------

    /////////////////////////////////////////////////////////////////////
    Date :Tue Aug 22 2023,
    Hour: 23,
    Mintue: 32,
    Label: Info Level,
    Level: info,
    Message: Application listening on port 5000
    ---------------------------------------------------------------------

    /////////////////////////////////////////////////////////////////////
    Date :Tue Aug 22 2023,
    Hour: 23,
    Mintue: 39,
    Label: Info Level,
    Level: info,
    Message: ✌ MongoDB connection established successfully.
    ---------------------------------------------------------------------

    /////////////////////////////////////////////////////////////////////
    Date :Tue Aug 22 2023,
    Hour: 23,
    Mintue: 39,
    Label: Info Level,
    Level: info,
    Message: Application listening on port 5000
    ---------------------------------------------------------------------

    /////////////////////////////////////////////////////////////////////
    Date :Tue Aug 22 2023,
    Hour: 23,
    Mintue: 40,
    Label: Info Level,
    Level: info,
    Message: ✌ MongoDB connection established successfully.
    ---------------------------------------------------------------------

    /////////////////////////////////////////////////////////////////////
    Date :Tue Aug 22 2023,
    Hour: 23,
    Mintue: 40,
    Label: Info Level,
    Level: info,
    Message: Application listening on port 5000
    ---------------------------------------------------------------------

    /////////////////////////////////////////////////////////////////////
    Date :Tue Aug 22 2023,
    Hour: 23,
    Mintue: 41,
    Label: Info Level,
    Level: info,
    Message: ✌ MongoDB connection established successfully.
    ---------------------------------------------------------------------

    /////////////////////////////////////////////////////////////////////
    Date :Tue Aug 22 2023,
    Hour: 23,
    Mintue: 41,
    Label: Info Level,
    Level: info,
    Message: Application listening on port 5000
    ---------------------------------------------------------------------

    /////////////////////////////////////////////////////////////////////
    Date :Tue Aug 22 2023,
    Hour: 23,
    Mintue: 44,
    Label: Info Level,
    Level: info,
    Message: ✌ MongoDB connection established successfully.
    ---------------------------------------------------------------------

    /////////////////////////////////////////////////////////////////////
    Date :Tue Aug 22 2023,
    Hour: 23,
    Mintue: 44,
    Label: Info Level,
    Level: info,
    Message: Application listening on port 5000
    ---------------------------------------------------------------------
