
    Date :Sat Aug 12 2023,
    Hour: 17,
    Mintue: 17,
    Label: Info Level,
    Level: info,
    Message: ✌ MongoDB connection established successfully.

    Date :Sat Aug 12 2023,
    Hour: 17,
    Mintue: 17,
    Label: Info Level,
    Level: info,
    Message: Application listening on port 5000

    Date :Sat Aug 12 2023,
    Hour: 17,
    Mintue: 17,
    Label: Error Level!,
    Level: error,
    Message: Failed to connect database! The `uri` parameter to `openUri()` must be a string, got "undefined". Make sure the first parameter to `mongoose.connect()` or `mongoose.createConnection()` is a string.

    Date :Sat Aug 12 2023,
    Hour: 17,
    Mintue: 20,
    Label: Info Level,
    Level: info,
    Message: ✌ MongoDB connection established successfully.

    Date :Sat Aug 12 2023,
    Hour: 17,
    Mintue: 20,
    Label: Info Level,
    Level: info,
    Message: Application listening on port 5000

    /////////////////////////////////////////////////////////////////////
    Date :Sat Aug 12 2023,
    Hour: 17,
    Mintue: 21,
    Label: Info Level,
    Level: info,
    Message: ✌ MongoDB connection established successfully.

    /////////////////////////////////////////////////////////////////////
    Date :Sat Aug 12 2023,
    Hour: 17,
    Mintue: 21,
    Label: Info Level,
    Level: info,
    Message: Application listening on port 5000

    /////////////////////////////////////////////////////////////////////
    Date :Sat Aug 12 2023,
    Hour: 17,
    Mintue: 22,
    Label: Info Level,
    Level: info,
    Message: ✌ MongoDB connection established successfully.
    ---------------------------------------------------------------------

    /////////////////////////////////////////////////////////////////////
    Date :Sat Aug 12 2023,
    Hour: 17,
    Mintue: 22,
    Label: Info Level,
    Level: info,
    Message: Application listening on port 5000
    ---------------------------------------------------------------------
