
    /////////////////////////////////////////////////////////////////////
    Date :Tue Aug 15 2023,
    Hour: 13,
    Mintue: 19,
    Label: Info Level,
    Level: info,
    Message: ✌ MongoDB connection established successfully.
    ---------------------------------------------------------------------

    /////////////////////////////////////////////////////////////////////
    Date :Tue Aug 15 2023,
    Hour: 13,
    Mintue: 19,
    Label: Info Level,
    Level: info,
    Message: Application listening on port 5000
    ---------------------------------------------------------------------

    /////////////////////////////////////////////////////////////////////
    Date :Tue Aug 15 2023,
    Hour: 13,
    Mintue: 20,
    Label: Info Level,
    Level: info,
    Message: ✌ MongoDB connection established successfully.
    ---------------------------------------------------------------------

    /////////////////////////////////////////////////////////////////////
    Date :Tue Aug 15 2023,
    Hour: 13,
    Mintue: 20,
    Label: Info Level,
    Level: info,
    Message: Application listening on port 5000
    ---------------------------------------------------------------------

    /////////////////////////////////////////////////////////////////////
    Date :Tue Aug 15 2023,
    Hour: 13,
    Mintue: 20,
    Label: Info Level,
    Level: info,
    Message: ✌ MongoDB connection established successfully.
    ---------------------------------------------------------------------

    /////////////////////////////////////////////////////////////////////
    Date :Tue Aug 15 2023,
    Hour: 13,
    Mintue: 20,
    Label: Info Level,
    Level: info,
    Message: Application listening on port 5000
    ---------------------------------------------------------------------

    /////////////////////////////////////////////////////////////////////
    Date :Tue Aug 15 2023,
    Hour: 13,
    Mintue: 22,
    Label: Info Level,
    Level: info,
    Message: ✌ MongoDB connection established successfully.
    ---------------------------------------------------------------------

    /////////////////////////////////////////////////////////////////////
    Date :Tue Aug 15 2023,
    Hour: 13,
    Mintue: 22,
    Label: Info Level,
    Level: info,
    Message: Application listening on port 5000
    ---------------------------------------------------------------------

    /////////////////////////////////////////////////////////////////////
    Date :Tue Aug 15 2023,
    Hour: 13,
    Mintue: 22,
    Label: Info Level,
    Level: info,
    Message: ✌ MongoDB connection established successfully.
    ---------------------------------------------------------------------

    /////////////////////////////////////////////////////////////////////
    Date :Tue Aug 15 2023,
    Hour: 13,
    Mintue: 22,
    Label: Info Level,
    Level: info,
    Message: Application listening on port 5000
    ---------------------------------------------------------------------

    /////////////////////////////////////////////////////////////////////
    Date :Tue Aug 15 2023,
    Hour: 13,
    Mintue: 24,
    Label: Info Level,
    Level: info,
    Message: ✌ MongoDB connection established successfully.
    ---------------------------------------------------------------------

    /////////////////////////////////////////////////////////////////////
    Date :Tue Aug 15 2023,
    Hour: 13,
    Mintue: 24,
    Label: Info Level,
    Level: info,
    Message: Application listening on port 5000
    ---------------------------------------------------------------------

    /////////////////////////////////////////////////////////////////////
    Date :Tue Aug 15 2023,
    Hour: 13,
    Mintue: 42,
    Label: Info Level,
    Level: info,
    Message: ✌ MongoDB connection established successfully.
    ---------------------------------------------------------------------

    /////////////////////////////////////////////////////////////////////
    Date :Tue Aug 15 2023,
    Hour: 13,
    Mintue: 42,
    Label: Info Level,
    Level: info,
    Message: Application listening on port 5000
    ---------------------------------------------------------------------

    /////////////////////////////////////////////////////////////////////
    Date :Tue Aug 15 2023,
    Hour: 13,
    Mintue: 43,
    Label: Info Level,
    Level: info,
    Message: ✌ MongoDB connection established successfully.
    ---------------------------------------------------------------------

    /////////////////////////////////////////////////////////////////////
    Date :Tue Aug 15 2023,
    Hour: 13,
    Mintue: 43,
    Label: Info Level,
    Level: info,
    Message: Application listening on port 5000
    ---------------------------------------------------------------------

    /////////////////////////////////////////////////////////////////////
    Date :Tue Aug 15 2023,
    Hour: 13,
    Mintue: 43,
    Label: Info Level,
    Level: info,
    Message: ✌ MongoDB connection established successfully.
    ---------------------------------------------------------------------

    /////////////////////////////////////////////////////////////////////
    Date :Tue Aug 15 2023,
    Hour: 13,
    Mintue: 43,
    Label: Info Level,
    Level: info,
    Message: Application listening on port 5000
    ---------------------------------------------------------------------

    /////////////////////////////////////////////////////////////////////
    Date :Tue Aug 15 2023,
    Hour: 13,
    Mintue: 44,
    Label: Info Level,
    Level: info,
    Message: ✌ MongoDB connection established successfully.
    ---------------------------------------------------------------------

    /////////////////////////////////////////////////////////////////////
    Date :Tue Aug 15 2023,
    Hour: 13,
    Mintue: 44,
    Label: Info Level,
    Level: info,
    Message: Application listening on port 5000
    ---------------------------------------------------------------------

    /////////////////////////////////////////////////////////////////////
    Date :Tue Aug 15 2023,
    Hour: 13,
    Mintue: 46,
    Label: Info Level,
    Level: info,
    Message: ✌ MongoDB connection established successfully.
    ---------------------------------------------------------------------

    /////////////////////////////////////////////////////////////////////
    Date :Tue Aug 15 2023,
    Hour: 13,
    Mintue: 46,
    Label: Info Level,
    Level: info,
    Message: Application listening on port 5000
    ---------------------------------------------------------------------

    /////////////////////////////////////////////////////////////////////
    Date :Tue Aug 15 2023,
    Hour: 13,
    Mintue: 47,
    Label: Info Level,
    Level: info,
    Message: ✌ MongoDB connection established successfully.
    ---------------------------------------------------------------------

    /////////////////////////////////////////////////////////////////////
    Date :Tue Aug 15 2023,
    Hour: 13,
    Mintue: 47,
    Label: Info Level,
    Level: info,
    Message: Application listening on port 5000
    ---------------------------------------------------------------------

    /////////////////////////////////////////////////////////////////////
    Date :Tue Aug 15 2023,
    Hour: 13,
    Mintue: 48,
    Label: Info Level,
    Level: info,
    Message: ✌ MongoDB connection established successfully.
    ---------------------------------------------------------------------

    /////////////////////////////////////////////////////////////////////
    Date :Tue Aug 15 2023,
    Hour: 13,
    Mintue: 48,
    Label: Info Level,
    Level: info,
    Message: Application listening on port 5000
    ---------------------------------------------------------------------

    /////////////////////////////////////////////////////////////////////
    Date :Tue Aug 15 2023,
    Hour: 13,
    Mintue: 51,
    Label: Info Level,
    Level: info,
    Message: ✌ MongoDB connection established successfully.
    ---------------------------------------------------------------------

    /////////////////////////////////////////////////////////////////////
    Date :Tue Aug 15 2023,
    Hour: 13,
    Mintue: 51,
    Label: Info Level,
    Level: info,
    Message: Application listening on port 5000
    ---------------------------------------------------------------------

    /////////////////////////////////////////////////////////////////////
    Date :Tue Aug 15 2023,
    Hour: 13,
    Mintue: 53,
    Label: Info Level,
    Level: info,
    Message: ✌ MongoDB connection established successfully.
    ---------------------------------------------------------------------

    /////////////////////////////////////////////////////////////////////
    Date :Tue Aug 15 2023,
    Hour: 13,
    Mintue: 53,
    Label: Info Level,
    Level: info,
    Message: Application listening on port 5000
    ---------------------------------------------------------------------
