
    /////////////////////////////////////////////////////////////////////
    Date :Thu Aug 17 2023,
    Hour: 16,
    Mintue: 14,
    Label: Info Level,
    Level: info,
    Message: ✌ MongoDB connection established successfully.
    ---------------------------------------------------------------------

    /////////////////////////////////////////////////////////////////////
    Date :Thu Aug 17 2023,
    Hour: 16,
    Mintue: 14,
    Label: Info Level,
    Level: info,
    Message: Application listening on port 5000
    ---------------------------------------------------------------------

    /////////////////////////////////////////////////////////////////////
    Date :Thu Aug 17 2023,
    Hour: 16,
    Mintue: 15,
    Label: Info Level,
    Level: info,
    Message: ✌ MongoDB connection established successfully.
    ---------------------------------------------------------------------

    /////////////////////////////////////////////////////////////////////
    Date :Thu Aug 17 2023,
    Hour: 16,
    Mintue: 15,
    Label: Info Level,
    Level: info,
    Message: Application listening on port 5000
    ---------------------------------------------------------------------
