
    /////////////////////////////////////////////////////////////////////
    Date :Sun Aug 13 2023,
    Hour: 13,
    Mintue: 40,
    Label: Info Level,
    Level: info,
    Message: ✌ MongoDB connection established successfully.
    ---------------------------------------------------------------------

    /////////////////////////////////////////////////////////////////////
    Date :Sun Aug 13 2023,
    Hour: 13,
    Mintue: 40,
    Label: Info Level,
    Level: info,
    Message: Application listening on port 5000
    ---------------------------------------------------------------------

    /////////////////////////////////////////////////////////////////////
    Date :Sun Aug 13 2023,
    Hour: 13,
    Mintue: 45,
    Label: Info Level,
    Level: info,
    Message: ✌ MongoDB connection established successfully.
    ---------------------------------------------------------------------

    /////////////////////////////////////////////////////////////////////
    Date :Sun Aug 13 2023,
    Hour: 13,
    Mintue: 45,
    Label: Info Level,
    Level: info,
    Message: Application listening on port 5000
    ---------------------------------------------------------------------

    /////////////////////////////////////////////////////////////////////
    Date :Sun Aug 13 2023,
    Hour: 13,
    Mintue: 45,
    Label: Info Level,
    Level: info,
    Message: ✌ MongoDB connection established successfully.
    ---------------------------------------------------------------------

    /////////////////////////////////////////////////////////////////////
    Date :Sun Aug 13 2023,
    Hour: 13,
    Mintue: 45,
    Label: Info Level,
    Level: info,
    Message: Application listening on port 5000
    ---------------------------------------------------------------------
