
    /////////////////////////////////////////////////////////////////////
    Date :Wed Aug 16 2023,
    Hour: 0,
    Mintue: 26,
    Label: Info Level,
    Level: info,
    Message: ✌ MongoDB connection established successfully.
    ---------------------------------------------------------------------

    /////////////////////////////////////////////////////////////////////
    Date :Wed Aug 16 2023,
    Hour: 0,
    Mintue: 26,
    Label: Info Level,
    Level: info,
    Message: Application listening on port 5000
    ---------------------------------------------------------------------

    /////////////////////////////////////////////////////////////////////
    Date :Wed Aug 16 2023,
    Hour: 0,
    Mintue: 27,
    Label: Info Level,
    Level: info,
    Message: ✌ MongoDB connection established successfully.
    ---------------------------------------------------------------------

    /////////////////////////////////////////////////////////////////////
    Date :Wed Aug 16 2023,
    Hour: 0,
    Mintue: 27,
    Label: Info Level,
    Level: info,
    Message: Application listening on port 5000
    ---------------------------------------------------------------------
